2022-05-12 14:39:50.920 [info] <0.44.0> Application lager started on node nonode@nohost
2022-05-12 14:39:50.922 [info] <0.44.0> Application jsx started on node nonode@nohost
2022-05-12 14:39:50.922 [info] <0.44.0> Application recon started on node nonode@nohost
2022-05-12 14:39:50.966 [info] <0.44.0> Application credentials_obfuscation started on node nonode@nohost
2022-05-12 14:39:50.966 [info] <0.44.0> Application rabbit_common started on node nonode@nohost
2022-05-12 14:39:50.972 [info] <0.44.0> Application amqp_client started on node nonode@nohost
2022-05-12 14:39:51.017 [info] <0.44.0> Application logger started on node nonode@nohost
2022-05-12 14:39:51.017 [info] <0.44.0> Application sweet_xml started on node nonode@nohost
2022-05-12 14:39:51.017 [info] <0.44.0> Application libgraph started on node nonode@nohost
2022-05-12 14:39:51.017 [info] <0.44.0> Application unicode_util_compat started on node nonode@nohost
2022-05-12 14:39:51.017 [info] <0.44.0> Application idna started on node nonode@nohost
2022-05-12 14:39:51.017 [info] <0.44.0> Application mimerl started on node nonode@nohost
2022-05-12 14:39:51.017 [info] <0.44.0> Application certifi started on node nonode@nohost
2022-05-12 14:39:51.017 [info] <0.44.0> Application parse_trans started on node nonode@nohost
2022-05-12 14:39:51.017 [info] <0.44.0> Application ssl_verify_fun started on node nonode@nohost
2022-05-12 14:39:51.017 [info] <0.44.0> Application metrics started on node nonode@nohost
2022-05-12 14:39:51.051 [info] <0.44.0> Application hackney started on node nonode@nohost
2022-05-12 14:39:51.127 [info] <0.44.0> Application tzdata started on node nonode@nohost
2022-05-12 14:39:51.127 [info] <0.44.0> Application combine started on node nonode@nohost
2022-05-12 14:39:51.128 [info] <0.44.0> Application gettext started on node nonode@nohost
2022-05-12 14:39:51.131 [info] <0.44.0> Application timex started on node nonode@nohost
2022-05-12 14:39:51.131 [info] <0.44.0> Application mime started on node nonode@nohost
2022-05-12 14:39:51.131 [info] <0.44.0> Application tesla started on node nonode@nohost
2022-05-12 14:39:51.131 [info] <0.44.0> Application jason started on node nonode@nohost
2022-05-12 14:39:51.133 [info] <0.44.0> Application amqp started on node nonode@nohost
2022-05-12 14:39:51.133 [info] <0.44.0> Application becarios_bunsan_2022_b1 started on node nonode@nohost
2022-05-12 14:59:51.999 [info] <0.44.0> Application lager started on node nonode@nohost
2022-05-12 14:59:52.004 [info] <0.44.0> Application sasl started on node nonode@nohost
2022-05-12 14:59:52.004 [info] <0.44.0> Application tools started on node nonode@nohost
2022-05-12 14:59:52.004 [info] <0.44.0> Application jsx started on node nonode@nohost
2022-05-12 14:59:52.005 [info] <0.44.0> Application recon started on node nonode@nohost
2022-05-12 14:59:52.045 [info] <0.44.0> Application credentials_obfuscation started on node nonode@nohost
2022-05-12 14:59:52.046 [info] <0.44.0> Application rabbit_common started on node nonode@nohost
2022-05-12 14:59:52.051 [info] <0.44.0> Application amqp_client started on node nonode@nohost
2022-05-12 14:59:52.054 [info] <0.44.0> Application amqp started on node nonode@nohost
2022-05-12 14:59:52.054 [info] <0.44.0> Application becarios_bunsan_2022_b1 started on node nonode@nohost
2022-05-12 15:01:23.584 [info] <0.44.0> Application lager started on node nonode@nohost
2022-05-12 15:01:23.590 [info] <0.44.0> Application sasl started on node nonode@nohost
2022-05-12 15:01:23.590 [info] <0.44.0> Application tools started on node nonode@nohost
2022-05-12 15:01:23.590 [info] <0.44.0> Application jsx started on node nonode@nohost
2022-05-12 15:01:23.590 [info] <0.44.0> Application recon started on node nonode@nohost
2022-05-12 15:01:23.629 [info] <0.44.0> Application credentials_obfuscation started on node nonode@nohost
2022-05-12 15:01:23.629 [info] <0.44.0> Application rabbit_common started on node nonode@nohost
2022-05-12 15:01:23.634 [info] <0.44.0> Application amqp_client started on node nonode@nohost
2022-05-12 15:01:23.637 [info] <0.44.0> Application amqp started on node nonode@nohost
2022-05-12 15:01:23.637 [info] <0.44.0> Application becarios_bunsan_2022_b1 started on node nonode@nohost
2022-05-12 15:51:00.184 [info] <0.44.0> Application lager started on node nonode@nohost
2022-05-12 15:51:00.190 [info] <0.44.0> Application sasl started on node nonode@nohost
2022-05-12 15:51:00.190 [info] <0.44.0> Application tools started on node nonode@nohost
2022-05-12 15:51:00.190 [info] <0.44.0> Application jsx started on node nonode@nohost
2022-05-12 15:51:00.190 [info] <0.44.0> Application recon started on node nonode@nohost
2022-05-12 15:51:00.232 [info] <0.44.0> Application credentials_obfuscation started on node nonode@nohost
2022-05-12 15:51:00.232 [info] <0.44.0> Application rabbit_common started on node nonode@nohost
2022-05-12 15:51:00.236 [info] <0.44.0> Application amqp_client started on node nonode@nohost
2022-05-12 15:51:00.238 [info] <0.44.0> Application amqp started on node nonode@nohost
2022-05-12 15:51:00.238 [info] <0.44.0> Application becarios_bunsan_2022_b1 started on node nonode@nohost
2022-05-12 16:29:17.626 [info] <0.44.0> Application lager started on node nonode@nohost
2022-05-12 16:29:17.631 [info] <0.44.0> Application sasl started on node nonode@nohost
2022-05-12 16:29:17.631 [info] <0.44.0> Application tools started on node nonode@nohost
2022-05-12 16:29:17.631 [info] <0.44.0> Application jsx started on node nonode@nohost
2022-05-12 16:29:17.631 [info] <0.44.0> Application recon started on node nonode@nohost
2022-05-12 16:29:17.669 [info] <0.44.0> Application credentials_obfuscation started on node nonode@nohost
2022-05-12 16:29:17.669 [info] <0.44.0> Application rabbit_common started on node nonode@nohost
2022-05-12 16:29:17.674 [info] <0.44.0> Application amqp_client started on node nonode@nohost
2022-05-12 16:29:17.676 [info] <0.44.0> Application amqp started on node nonode@nohost
2022-05-12 16:29:17.676 [info] <0.44.0> Application becarios_bunsan_2022_b1 started on node nonode@nohost
